# JRE version: OpenJDK Runtime Environment (21.0.10) (build 21.0.10+-14961533-b1163.108)
# Java VM: OpenJDK 64-Bit Server VM (21.0.10+-14961533-b1163.108, mixed mode, tiered, compressed oops, compressed class ptrs, g1 gc, windows-amd64)
GC Precious Log:
 CardTable entry size: 512
 Card Set container configuration: InlinePtr #cards 5 size 8 Array Of Cards #cards 12 size 40 Howl #buckets 4 coarsen threshold 1843 Howl Bitmap #cards 512 size 80 coarsen threshold 460 Card regions per heap region 1 cards per card region 2048
 CPUs: 8 total, 8 available
 Memory: 7959M
 Large Page Support: Disabled
 NUMA Support: Disabled
 Compressed Oops: Enabled (32-bit)
 Heap Region Size: 1M
 Heap Min Capacity: 8M
 Heap Initial Capacity: 126M
 Heap Max Capacity: 1G
 Pre-touch: Disabled
 Parallel Workers: 8
 Concurrent Workers: 2
 Concurrent Refinement Workers: 8
 Periodic GC: Disabled
Heap:
 garbage-first heap   total 289792K, used 223866K [0x00000000c0000000, 0x0000000100000000)
  region size 1024K, 11 young (11264K), 2 survivors (2048K)
 Metaspace       used 171347K, committed 173632K, reserved 1245184K
  class space    used 22533K, committed 23616K, reserved 1048576K
GC Heap History (20 events):
Event: 35.948 GC heap before
{Heap before GC invocations=56 (full 0):
 garbage-first heap   total 256000K, used 229833K [0x00000000c0000000, 0x0000000100000000)
  region size 1024K, 77 young (78848K), 9 survivors (9216K)
 Metaspace       used 162861K, committed 164992K, reserved 1245184K
  class space    used 21507K, committed 22528K, reserved 1048576K
}
Event: 35.960 GC heap after
{Heap after GC invocations=57 (full 0):
 garbage-first heap   total 256000K, used 165019K [0x00000000c0000000, 0x0000000100000000)
  region size 1024K, 9 young (9216K), 9 survivors (9216K)
 Metaspace       used 162861K, committed 164992K, reserved 1245184K
  class space    used 21507K, committed 22528K, reserved 1048576K
}
Event: 36.303 GC heap before
{Heap before GC invocations=58 (full 0):
 garbage-first heap   total 276480K, used 234651K [0x00000000c0000000, 0x0000000100000000)
  region size 1024K, 77 young (78848K), 9 survivors (9216K)
 Metaspace       used 162929K, committed 164992K, reserved 1245184K
  class space    used 21507K, committed 22528K, reserved 1048576K
}
Event: 36.312 GC heap after
{Heap after GC invocations=59 (full 0):
 garbage-first heap   total 276480K, used 166289K [0x00000000c0000000, 0x0000000100000000)
  region size 1024K, 6 young (6144K), 6 survivors (6144K)
 Metaspace       used 162929K, committed 164992K, reserved 1245184K
  class space    used 21507K, committed 22528K, reserved 1048576K
}
Event: 36.617 GC heap before
{Heap before GC invocations=59 (full 0):
 garbage-first heap   total 276480K, used 253329K [0x00000000c0000000, 0x0000000100000000)
  region size 1024K, 91 young (93184K), 6 survivors (6144K)
 Metaspace       used 162975K, committed 165056K, reserved 1245184K
  class space    used 21508K, committed 22528K, reserved 1048576K
}
Event: 36.624 GC heap after
{Heap after GC invocations=60 (full 0):
 garbage-first heap   total 276480K, used 165738K [0x00000000c0000000, 0x0000000100000000)
  region size 1024K, 7 young (7168K), 7 survivors (7168K)
 Metaspace       used 162975K, committed 165056K, reserved 1245184K
  class space    used 21508K, committed 22528K, reserved 1048576K
}
Event: 36.980 GC heap before
{Heap before GC invocations=60 (full 0):
 garbage-first heap   total 276480K, used 257898K [0x00000000c0000000, 0x0000000100000000)
  region size 1024K, 97 young (99328K), 7 survivors (7168K)
 Metaspace       used 162997K, committed 165120K, reserved 1245184K
  class space    used 21508K, committed 22528K, reserved 1048576K
}
Event: 36.986 GC heap after
{Heap after GC invocations=61 (full 0):
 garbage-first heap   total 276480K, used 166909K [0x00000000c0000000, 0x0000000100000000)
  region size 1024K, 8 young (8192K), 8 survivors (8192K)
 Metaspace       used 162997K, committed 165120K, reserved 1245184K
  class space    used 21508K, committed 22528K, reserved 1048576K
}
Event: 37.324 GC heap before
{Heap before GC invocations=62 (full 0):
 garbage-first heap   total 276480K, used 243709K [0x00000000c0000000, 0x0000000100000000)
  region size 1024K, 99 young (101376K), 8 survivors (8192K)
 Metaspace       used 163000K, committed 165120K, reserved 1245184K
  class space    used 21508K, committed 22528K, reserved 1048576K
}
Event: 37.331 GC heap after
{Heap after GC invocations=63 (full 0):
 garbage-first heap   total 276480K, used 152061K [0x00000000c0000000, 0x0000000100000000)
  region size 1024K, 8 young (8192K), 8 survivors (8192K)
 Metaspace       used 163000K, committed 165120K, reserved 1245184K
  class space    used 21508K, committed 22528K, reserved 1048576K
}
Event: 37.761 GC heap before
{Heap before GC invocations=63 (full 0):
 garbage-first heap   total 276480K, used 260605K [0x00000000c0000000, 0x0000000100000000)
  region size 1024K, 115 young (117760K), 8 survivors (8192K)
 Metaspace       used 163141K, committed 165248K, reserved 1245184K
  class space    used 21526K, committed 22528K, reserved 1048576K
}
Event: 37.784 GC heap after
{Heap after GC invocations=64 (full 0):
 garbage-first heap   total 289792K, used 147879K [0x00000000c0000000, 0x0000000100000000)
  region size 1024K, 15 young (15360K), 15 survivors (15360K)
 Metaspace       used 163141K, committed 165248K, reserved 1245184K
  class space    used 21526K, committed 22528K, reserved 1048576K
}
Event: 41.019 GC heap before
{Heap before GC invocations=64 (full 0):
 garbage-first heap   total 289792K, used 200103K [0x00000000c0000000, 0x0000000100000000)
  region size 1024K, 67 young (68608K), 15 survivors (15360K)
 Metaspace       used 163148K, committed 165312K, reserved 1245184K
  class space    used 21526K, committed 22528K, reserved 1048576K
}
Event: 41.041 GC heap after
{Heap after GC invocations=65 (full 0):
 garbage-first heap   total 289792K, used 170614K [0x00000000c0000000, 0x0000000100000000)
  region size 1024K, 16 young (16384K), 16 survivors (16384K)
 Metaspace       used 163148K, committed 165312K, reserved 1245184K
  class space    used 21526K, committed 22528K, reserved 1048576K
}
Event: 43.004 GC heap before
{Heap before GC invocations=66 (full 0):
 garbage-first heap   total 289792K, used 247414K [0x00000000c0000000, 0x0000000100000000)
  region size 1024K, 90 young (92160K), 16 survivors (16384K)
 Metaspace       used 163674K, committed 165760K, reserved 1245184K
  class space    used 21527K, committed 22528K, reserved 1048576K
}
Event: 43.031 GC heap after
{Heap after GC invocations=67 (full 0):
 garbage-first heap   total 289792K, used 196608K [0x00000000c0000000, 0x0000000100000000)
  region size 1024K, 12 young (12288K), 12 survivors (12288K)
 Metaspace       used 163674K, committed 165760K, reserved 1245184K
  class space    used 21527K, committed 22528K, reserved 1048576K
}
Event: 44.348 GC heap before
{Heap before GC invocations=67 (full 0):
 garbage-first heap   total 289792K, used 259072K [0x00000000c0000000, 0x0000000100000000)
  region size 1024K, 65 young (66560K), 12 survivors (12288K)
 Metaspace       used 166519K, committed 168640K, reserved 1245184K
  class space    used 21880K, committed 22912K, reserved 1048576K
}
Event: 44.359 GC heap after
{Heap after GC invocations=68 (full 0):
 garbage-first heap   total 289792K, used 211580K [0x00000000c0000000, 0x0000000100000000)
  region size 1024K, 9 young (9216K), 9 survivors (9216K)
 Metaspace       used 166519K, committed 168640K, reserved 1245184K
  class space    used 21880K, committed 22912K, reserved 1048576K
}
Event: 45.299 GC heap before
{Heap before GC invocations=68 (full 0):
 garbage-first heap   total 289792K, used 257660K [0x00000000c0000000, 0x0000000100000000)
  region size 1024K, 54 young (55296K), 9 survivors (9216K)
 Metaspace       used 170873K, committed 173056K, reserved 1245184K
  class space    used 22463K, committed 23552K, reserved 1048576K
}
Event: 45.311 GC heap after
{Heap after GC invocations=69 (full 0):
 garbage-first heap   total 289792K, used 213626K [0x00000000c0000000, 0x0000000100000000)
  region size 1024K, 2 young (2048K), 2 survivors (2048K)
 Metaspace       used 170873K, committed 173056K, reserved 1245184K
  class space    used 22463K, committed 23552K, reserved 1048576K
}

