# JRE version: OpenJDK Runtime Environment (21.0.10) (build 21.0.10+-14961533-b1163.108)
# Java VM: OpenJDK 64-Bit Server VM (21.0.10+-14961533-b1163.108, mixed mode, tiered, compressed oops, compressed class ptrs, g1 gc, windows-amd64)
GC Precious Log:
 CardTable entry size: 512
 Card Set container configuration: InlinePtr #cards 5 size 8 Array Of Cards #cards 12 size 40 Howl #buckets 4 coarsen threshold 1843 Howl Bitmap #cards 512 size 80 coarsen threshold 460 Card regions per heap region 1 cards per card region 2048
 CPUs: 8 total, 8 available
 Memory: 7959M
 Large Page Support: Disabled
 NUMA Support: Disabled
 Compressed Oops: Enabled (32-bit)
 Heap Region Size: 1M
 Heap Min Capacity: 8M
 Heap Initial Capacity: 126M
 Heap Max Capacity: 1G
 Pre-touch: Disabled
 Parallel Workers: 8
 Concurrent Workers: 2
 Concurrent Refinement Workers: 8
 Periodic GC: Disabled
Heap:
 garbage-first heap   total 140288K, used 112640K [0x00000000c0000000, 0x0000000100000000)
  region size 1024K, 27 young (27648K), 5 survivors (5120K)
 Metaspace       used 125844K, committed 127808K, reserved 1179648K
  class space    used 17078K, committed 17984K, reserved 1048576K
GC Heap History (20 events):
Event: 25.821 GC heap before
{Heap before GC invocations=30 (full 0):
 garbage-first heap   total 97280K, used 90629K [0x00000000c0000000, 0x0000000100000000)
  region size 1024K, 36 young (36864K), 3 survivors (3072K)
 Metaspace       used 97980K, committed 99968K, reserved 1179648K
  class space    used 13982K, committed 14912K, reserved 1048576K
}
Event: 25.826 GC heap after
{Heap after GC invocations=31 (full 0):
 garbage-first heap   total 97280K, used 58238K [0x00000000c0000000, 0x0000000100000000)
  region size 1024K, 4 young (4096K), 4 survivors (4096K)
 Metaspace       used 97980K, committed 99968K, reserved 1179648K
  class space    used 13982K, committed 14912K, reserved 1048576K
}
Event: 25.988 GC heap before
{Heap before GC invocations=32 (full 0):
 garbage-first heap   total 97280K, used 91006K [0x00000000c0000000, 0x0000000100000000)
  region size 1024K, 36 young (36864K), 4 survivors (4096K)
 Metaspace       used 98366K, committed 100352K, reserved 1179648K
  class space    used 14029K, committed 14976K, reserved 1048576K
}
Event: 26.000 GC heap after
{Heap after GC invocations=33 (full 0):
 garbage-first heap   total 109568K, used 72645K [0x00000000c0000000, 0x0000000100000000)
  region size 1024K, 5 young (5120K), 5 survivors (5120K)
 Metaspace       used 98366K, committed 100352K, reserved 1179648K
  class space    used 14029K, committed 14976K, reserved 1048576K
}
Event: 26.179 GC heap before
{Heap before GC invocations=33 (full 0):
 garbage-first heap   total 109568K, used 95173K [0x00000000c0000000, 0x0000000100000000)
  region size 1024K, 27 young (27648K), 5 survivors (5120K)
 Metaspace       used 99481K, committed 101440K, reserved 1179648K
  class space    used 14175K, committed 15104K, reserved 1048576K
}
Event: 26.187 GC heap after
{Heap after GC invocations=34 (full 0):
 garbage-first heap   total 109568K, used 76467K [0x00000000c0000000, 0x0000000100000000)
  region size 1024K, 4 young (4096K), 4 survivors (4096K)
 Metaspace       used 99481K, committed 101440K, reserved 1179648K
  class space    used 14175K, committed 15104K, reserved 1048576K
}
Event: 26.498 GC heap before
{Heap before GC invocations=34 (full 0):
 garbage-first heap   total 109568K, used 95923K [0x00000000c0000000, 0x0000000100000000)
  region size 1024K, 24 young (24576K), 4 survivors (4096K)
 Metaspace       used 102591K, committed 104576K, reserved 1179648K
  class space    used 14491K, committed 15424K, reserved 1048576K
}
Event: 26.501 GC heap after
{Heap after GC invocations=35 (full 0):
 garbage-first heap   total 109568K, used 78087K [0x00000000c0000000, 0x0000000100000000)
  region size 1024K, 2 young (2048K), 2 survivors (2048K)
 Metaspace       used 102591K, committed 104576K, reserved 1179648K
  class space    used 14491K, committed 15424K, reserved 1048576K
}
Event: 26.796 GC heap before
{Heap before GC invocations=36 (full 0):
 garbage-first heap   total 133120K, used 97543K [0x00000000c0000000, 0x0000000100000000)
  region size 1024K, 21 young (21504K), 2 survivors (2048K)
 Metaspace       used 104857K, committed 106816K, reserved 1179648K
  class space    used 14764K, committed 15680K, reserved 1048576K
}
Event: 26.799 GC heap after
{Heap after GC invocations=37 (full 0):
 garbage-first heap   total 133120K, used 78445K [0x00000000c0000000, 0x0000000100000000)
  region size 1024K, 2 young (2048K), 2 survivors (2048K)
 Metaspace       used 104857K, committed 106816K, reserved 1179648K
  class space    used 14764K, committed 15680K, reserved 1048576K
}
Event: 27.317 GC heap before
{Heap before GC invocations=37 (full 0):
 garbage-first heap   total 133120K, used 118381K [0x00000000c0000000, 0x0000000100000000)
  region size 1024K, 41 young (41984K), 2 survivors (2048K)
 Metaspace       used 108773K, committed 110720K, reserved 1179648K
  class space    used 15180K, committed 16128K, reserved 1048576K
}
Event: 27.321 GC heap after
{Heap after GC invocations=38 (full 0):
 garbage-first heap   total 133120K, used 81079K [0x00000000c0000000, 0x0000000100000000)
  region size 1024K, 5 young (5120K), 5 survivors (5120K)
 Metaspace       used 108773K, committed 110720K, reserved 1179648K
  class space    used 15180K, committed 16128K, reserved 1048576K
}
Event: 27.942 GC heap before
{Heap before GC invocations=38 (full 0):
 garbage-first heap   total 133120K, used 117943K [0x00000000c0000000, 0x0000000100000000)
  region size 1024K, 42 young (43008K), 5 survivors (5120K)
 Metaspace       used 114104K, committed 116032K, reserved 1179648K
  class space    used 15697K, committed 16640K, reserved 1048576K
}
Event: 27.947 GC heap after
{Heap after GC invocations=39 (full 0):
 garbage-first heap   total 133120K, used 82669K [0x00000000c0000000, 0x0000000100000000)
  region size 1024K, 2 young (2048K), 2 survivors (2048K)
 Metaspace       used 114104K, committed 116032K, reserved 1179648K
  class space    used 15697K, committed 16640K, reserved 1048576K
}
Event: 28.592 GC heap before
{Heap before GC invocations=40 (full 0):
 garbage-first heap   total 140288K, used 119533K [0x00000000c0000000, 0x0000000100000000)
  region size 1024K, 39 young (39936K), 2 survivors (2048K)
 Metaspace       used 118392K, committed 120384K, reserved 1179648K
  class space    used 16148K, committed 17088K, reserved 1048576K
}
Event: 28.599 GC heap after
{Heap after GC invocations=41 (full 0):
 garbage-first heap   total 140288K, used 85629K [0x00000000c0000000, 0x0000000100000000)
  region size 1024K, 5 young (5120K), 5 survivors (5120K)
 Metaspace       used 118392K, committed 120384K, reserved 1179648K
  class space    used 16148K, committed 17088K, reserved 1048576K
}
Event: 29.232 GC heap before
{Heap before GC invocations=41 (full 0):
 garbage-first heap   total 140288K, used 127613K [0x00000000c0000000, 0x0000000100000000)
  region size 1024K, 46 young (47104K), 5 survivors (5120K)
 Metaspace       used 123316K, committed 125312K, reserved 1179648K
  class space    used 16739K, committed 17664K, reserved 1048576K
}
Event: 29.240 GC heap after
{Heap after GC invocations=42 (full 0):
 garbage-first heap   total 140288K, used 88064K [0x00000000c0000000, 0x0000000100000000)
  region size 1024K, 6 young (6144K), 6 survivors (6144K)
 Metaspace       used 123316K, committed 125312K, reserved 1179648K
  class space    used 16739K, committed 17664K, reserved 1048576K
}
Event: 29.611 GC heap before
{Heap before GC invocations=42 (full 0):
 garbage-first heap   total 140288K, used 109568K [0x00000000c0000000, 0x0000000100000000)
  region size 1024K, 28 young (28672K), 6 survivors (6144K)
 Metaspace       used 125773K, committed 127680K, reserved 1179648K
  class space    used 17078K, committed 17984K, reserved 1048576K
}
Event: 29.617 GC heap after
{Heap after GC invocations=43 (full 0):
 garbage-first heap   total 140288K, used 90112K [0x00000000c0000000, 0x0000000100000000)
  region size 1024K, 5 young (5120K), 5 survivors (5120K)
 Metaspace       used 125773K, committed 127680K, reserved 1179648K
  class space    used 17078K, committed 17984K, reserved 1048576K
}

