# JRE version: OpenJDK Runtime Environment (21.0.10) (build 21.0.10+-14961533-b1163.108)
# Java VM: OpenJDK 64-Bit Server VM (21.0.10+-14961533-b1163.108, mixed mode, tiered, compressed oops, compressed class ptrs, g1 gc, windows-amd64)
GC Precious Log:
 CardTable entry size: 512
 Card Set container configuration: InlinePtr #cards 5 size 8 Array Of Cards #cards 12 size 40 Howl #buckets 4 coarsen threshold 1843 Howl Bitmap #cards 512 size 80 coarsen threshold 460 Card regions per heap region 1 cards per card region 2048
 CPUs: 8 total, 8 available
 Memory: 7959M
 Large Page Support: Disabled
 NUMA Support: Disabled
 Compressed Oops: Enabled (32-bit)
 Heap Region Size: 1M
 Heap Min Capacity: 8M
 Heap Initial Capacity: 126M
 Heap Max Capacity: 1G
 Pre-touch: Disabled
 Parallel Workers: 8
 Concurrent Workers: 2
 Concurrent Refinement Workers: 8
 Periodic GC: Disabled
Heap:
 garbage-first heap   total 228352K, used 165077K [0x00000000c0000000, 0x0000000100000000)
  region size 1024K, 16 young (16384K), 6 survivors (6144K)
 Metaspace       used 111414K, committed 113536K, reserved 1179648K
  class space    used 15671K, committed 16704K, reserved 1048576K
GC Heap History (20 events):
Event: 22.801 GC heap before
{Heap before GC invocations=40 (full 0):
 garbage-first heap   total 171008K, used 91232K [0x00000000c0000000, 0x0000000100000000)
  region size 1024K, 13 young (13312K), 6 survivors (6144K)
 Metaspace       used 73911K, committed 75840K, reserved 1114112K
  class space    used 10515K, committed 11456K, reserved 1048576K
}
Event: 22.816 GC heap after
{Heap after GC invocations=41 (full 0):
 garbage-first heap   total 171008K, used 85591K [0x00000000c0000000, 0x0000000100000000)
  region size 1024K, 6 young (6144K), 6 survivors (6144K)
 Metaspace       used 73911K, committed 75840K, reserved 1114112K
  class space    used 10515K, committed 11456K, reserved 1048576K
}
Event: 24.410 GC heap before
{Heap before GC invocations=42 (full 0):
 garbage-first heap   total 171008K, used 168535K [0x00000000c0000000, 0x0000000100000000)
  region size 1024K, 79 young (80896K), 6 survivors (6144K)
 Metaspace       used 78540K, committed 80448K, reserved 1179648K
  class space    used 11056K, committed 11968K, reserved 1048576K
}
Event: 24.421 GC heap after
{Heap after GC invocations=43 (full 0):
 garbage-first heap   total 183296K, used 100816K [0x00000000c0000000, 0x0000000100000000)
  region size 1024K, 10 young (10240K), 10 survivors (10240K)
 Metaspace       used 78540K, committed 80448K, reserved 1179648K
  class space    used 11056K, committed 11968K, reserved 1048576K
}
Event: 25.871 GC heap before
{Heap before GC invocations=43 (full 0):
 garbage-first heap   total 183296K, used 172496K [0x00000000c0000000, 0x0000000100000000)
  region size 1024K, 78 young (79872K), 10 survivors (10240K)
 Metaspace       used 84186K, committed 86208K, reserved 1179648K
  class space    used 11897K, committed 12864K, reserved 1048576K
}
Event: 25.881 GC heap after
{Heap after GC invocations=44 (full 0):
 garbage-first heap   total 188416K, used 106371K [0x00000000c0000000, 0x0000000100000000)
  region size 1024K, 3 young (3072K), 3 survivors (3072K)
 Metaspace       used 84186K, committed 86208K, reserved 1179648K
  class space    used 11897K, committed 12864K, reserved 1048576K
}
Event: 26.150 GC heap before
{Heap before GC invocations=44 (full 0):
 garbage-first heap   total 188416K, used 116611K [0x00000000c0000000, 0x0000000100000000)
  region size 1024K, 14 young (14336K), 3 survivors (3072K)
 Metaspace       used 85808K, committed 87808K, reserved 1179648K
  class space    used 12086K, committed 13056K, reserved 1048576K
}
Event: 26.155 GC heap after
{Heap after GC invocations=45 (full 0):
 garbage-first heap   total 188416K, used 107715K [0x00000000c0000000, 0x0000000100000000)
  region size 1024K, 5 young (5120K), 5 survivors (5120K)
 Metaspace       used 85808K, committed 87808K, reserved 1179648K
  class space    used 12086K, committed 13056K, reserved 1048576K
}
Event: 27.464 GC heap before
{Heap before GC invocations=46 (full 0):
 garbage-first heap   total 188416K, used 181443K [0x00000000c0000000, 0x0000000100000000)
  region size 1024K, 72 young (73728K), 5 survivors (5120K)
 Metaspace       used 89351K, committed 91392K, reserved 1179648K
  class space    used 12567K, committed 13568K, reserved 1048576K
}
Event: 27.472 GC heap after
{Heap after GC invocations=47 (full 0):
 garbage-first heap   total 191488K, used 113473K [0x00000000c0000000, 0x0000000100000000)
  region size 1024K, 9 young (9216K), 9 survivors (9216K)
 Metaspace       used 89351K, committed 91392K, reserved 1179648K
  class space    used 12567K, committed 13568K, reserved 1048576K
}
Event: 28.647 GC heap before
{Heap before GC invocations=47 (full 0):
 garbage-first heap   total 191488K, used 188225K [0x00000000c0000000, 0x0000000100000000)
  region size 1024K, 74 young (75776K), 9 survivors (9216K)
 Metaspace       used 97143K, committed 99200K, reserved 1179648K
  class space    used 13980K, committed 14976K, reserved 1048576K
}
Event: 28.660 GC heap after
{Heap after GC invocations=48 (full 0):
 garbage-first heap   total 202752K, used 115299K [0x00000000c0000000, 0x0000000100000000)
  region size 1024K, 8 young (8192K), 8 survivors (8192K)
 Metaspace       used 97143K, committed 99200K, reserved 1179648K
  class space    used 13980K, committed 14976K, reserved 1048576K
}
Event: 30.699 GC heap before
{Heap before GC invocations=48 (full 0):
 garbage-first heap   total 202752K, used 185955K [0x00000000c0000000, 0x0000000100000000)
  region size 1024K, 78 young (79872K), 8 survivors (8192K)
 Metaspace       used 101837K, committed 103872K, reserved 1179648K
  class space    used 14468K, committed 15424K, reserved 1048576K
}
Event: 30.711 GC heap after
{Heap after GC invocations=49 (full 0):
 garbage-first heap   total 202752K, used 117903K [0x00000000c0000000, 0x0000000100000000)
  region size 1024K, 6 young (6144K), 6 survivors (6144K)
 Metaspace       used 101837K, committed 103872K, reserved 1179648K
  class space    used 14468K, committed 15424K, reserved 1048576K
}
Event: 32.213 GC heap before
{Heap before GC invocations=50 (full 0):
 garbage-first heap   total 202752K, used 188559K [0x00000000c0000000, 0x0000000100000000)
  region size 1024K, 75 young (76800K), 6 survivors (6144K)
 Metaspace       used 111326K, committed 113472K, reserved 1179648K
  class space    used 15665K, committed 16704K, reserved 1048576K
}
Event: 32.221 GC heap after
{Heap after GC invocations=51 (full 0):
 garbage-first heap   total 202752K, used 121781K [0x00000000c0000000, 0x0000000100000000)
  region size 1024K, 10 young (10240K), 10 survivors (10240K)
 Metaspace       used 111326K, committed 113472K, reserved 1179648K
  class space    used 15665K, committed 16704K, reserved 1048576K
}
Event: 32.621 GC heap before
{Heap before GC invocations=51 (full 0):
 garbage-first heap   total 202752K, used 189365K [0x00000000c0000000, 0x0000000100000000)
  region size 1024K, 76 young (77824K), 10 survivors (10240K)
 Metaspace       used 111363K, committed 113472K, reserved 1179648K
  class space    used 15669K, committed 16704K, reserved 1048576K
}
Event: 32.650 GC heap after
{Heap after GC invocations=52 (full 0):
 garbage-first heap   total 228352K, used 147562K [0x00000000c0000000, 0x0000000100000000)
  region size 1024K, 10 young (10240K), 10 survivors (10240K)
 Metaspace       used 111363K, committed 113472K, reserved 1179648K
  class space    used 15669K, committed 16704K, reserved 1048576K
}
Event: 32.686 GC heap before
{Heap before GC invocations=52 (full 0):
 garbage-first heap   total 228352K, used 156778K [0x00000000c0000000, 0x0000000100000000)
  region size 1024K, 20 young (20480K), 10 survivors (10240K)
 Metaspace       used 111363K, committed 113472K, reserved 1179648K
  class space    used 15669K, committed 16704K, reserved 1048576K
}
Event: 32.701 GC heap after
{Heap after GC invocations=53 (full 0):
 garbage-first heap   total 228352K, used 154837K [0x00000000c0000000, 0x0000000100000000)
  region size 1024K, 6 young (6144K), 6 survivors (6144K)
 Metaspace       used 111363K, committed 113472K, reserved 1179648K
  class space    used 15669K, committed 16704K, reserved 1048576K
}

