# JRE version: OpenJDK Runtime Environment (21.0.10) (build 21.0.10+-14961533-b1163.108)
# Java VM: OpenJDK 64-Bit Server VM (21.0.10+-14961533-b1163.108, mixed mode, tiered, compressed oops, compressed class ptrs, g1 gc, windows-amd64)
GC Precious Log:
 CardTable entry size: 512
 Card Set container configuration: InlinePtr #cards 4 size 8 Array Of Cards #cards 16 size 48 Howl #buckets 8 coarsen threshold 3686 Howl Bitmap #cards 512 size 80 coarsen threshold 460 Card regions per heap region 1 cards per card region 4096
 CPUs: 8 total, 8 available
 Memory: 7959M
 Large Page Support: Disabled
 NUMA Support: Disabled
 Compressed Oops: Enabled (Zero based)
 Heap Region Size: 2M
 Heap Min Capacity: 8M
 Heap Initial Capacity: 126M
 Heap Max Capacity: 4G
 Pre-touch: Disabled
 Parallel Workers: 8
 Concurrent Workers: 2
 Concurrent Refinement Workers: 8
 Periodic GC: Disabled
Heap:
 garbage-first heap   total 495616K, used 273226K [0x0000000700000000, 0x0000000800000000)
  region size 2048K, 2 young (4096K), 2 survivors (4096K)
 Metaspace       used 179266K, committed 181824K, reserved 1245184K
  class space    used 23727K, committed 24960K, reserved 1048576K
GC Heap History (20 events):
Event: 144.336 GC heap after
{Heap after GC invocations=51 (full 0):
 garbage-first heap   total 325632K, used 208623K [0x0000000700000000, 0x0000000800000000)
  region size 2048K, 2 young (4096K), 2 survivors (4096K)
 Metaspace       used 154600K, committed 156800K, reserved 1245184K
  class space    used 20488K, committed 21568K, reserved 1048576K
}
Event: 154.454 GC heap before
{Heap before GC invocations=51 (full 0):
 garbage-first heap   total 325632K, used 278255K [0x0000000700000000, 0x0000000800000000)
  region size 2048K, 37 young (75776K), 2 survivors (4096K)
 Metaspace       used 157762K, committed 159936K, reserved 1245184K
  class space    used 20799K, committed 21824K, reserved 1048576K
}
Event: 154.474 GC heap after
{Heap after GC invocations=52 (full 0):
 garbage-first heap   total 495616K, used 201392K [0x0000000700000000, 0x0000000800000000)
  region size 2048K, 3 young (6144K), 3 survivors (6144K)
 Metaspace       used 157762K, committed 159936K, reserved 1245184K
  class space    used 20799K, committed 21824K, reserved 1048576K
}
Event: 155.883 GC heap before
{Heap before GC invocations=52 (full 0):
 garbage-first heap   total 495616K, used 291504K [0x0000000700000000, 0x0000000800000000)
  region size 2048K, 47 young (96256K), 3 survivors (6144K)
 Metaspace       used 157886K, committed 160128K, reserved 1245184K
  class space    used 20799K, committed 21824K, reserved 1048576K
}
Event: 156.445 GC heap after
{Heap after GC invocations=53 (full 0):
 garbage-first heap   total 495616K, used 237763K [0x0000000700000000, 0x0000000800000000)
  region size 2048K, 6 young (12288K), 6 survivors (12288K)
 Metaspace       used 157886K, committed 160128K, reserved 1245184K
  class space    used 20799K, committed 21824K, reserved 1048576K
}
Event: 158.306 GC heap before
{Heap before GC invocations=53 (full 0):
 garbage-first heap   total 495616K, used 250051K [0x0000000700000000, 0x0000000800000000)
  region size 2048K, 12 young (24576K), 6 survivors (12288K)
 Metaspace       used 158148K, committed 160384K, reserved 1245184K
  class space    used 20816K, committed 21888K, reserved 1048576K
}
Event: 158.376 GC heap after
{Heap after GC invocations=54 (full 0):
 garbage-first heap   total 495616K, used 244841K [0x0000000700000000, 0x0000000800000000)
  region size 2048K, 2 young (4096K), 2 survivors (4096K)
 Metaspace       used 158148K, committed 160384K, reserved 1245184K
  class space    used 20816K, committed 21888K, reserved 1048576K
}
Event: 160.333 GC heap before
{Heap before GC invocations=54 (full 0):
 garbage-first heap   total 495616K, used 302185K [0x0000000700000000, 0x0000000800000000)
  region size 2048K, 30 young (61440K), 2 survivors (4096K)
 Metaspace       used 158299K, committed 160512K, reserved 1245184K
  class space    used 20822K, committed 21888K, reserved 1048576K
}
Event: 160.388 GC heap after
{Heap after GC invocations=55 (full 0):
 garbage-first heap   total 495616K, used 261523K [0x0000000700000000, 0x0000000800000000)
  region size 2048K, 4 young (8192K), 4 survivors (8192K)
 Metaspace       used 158299K, committed 160512K, reserved 1245184K
  class space    used 20822K, committed 21888K, reserved 1048576K
}
Event: 162.770 GC heap before
{Heap before GC invocations=55 (full 0):
 garbage-first heap   total 495616K, used 308627K [0x0000000700000000, 0x0000000800000000)
  region size 2048K, 28 young (57344K), 4 survivors (8192K)
 Metaspace       used 160026K, committed 162240K, reserved 1245184K
  class space    used 20940K, committed 22016K, reserved 1048576K
}
Event: 162.794 GC heap after
{Heap after GC invocations=56 (full 0):
 garbage-first heap   total 495616K, used 273647K [0x0000000700000000, 0x0000000800000000)
  region size 2048K, 4 young (8192K), 4 survivors (8192K)
 Metaspace       used 160026K, committed 162240K, reserved 1245184K
  class space    used 20940K, committed 22016K, reserved 1048576K
}
Event: 167.390 GC heap before
{Heap before GC invocations=56 (full 0):
 garbage-first heap   total 495616K, used 337135K [0x0000000700000000, 0x0000000800000000)
  region size 2048K, 35 young (71680K), 4 survivors (8192K)
 Metaspace       used 165361K, committed 167680K, reserved 1245184K
  class space    used 21510K, committed 22592K, reserved 1048576K
}
Event: 167.416 GC heap after
{Heap after GC invocations=57 (full 0):
 garbage-first heap   total 495616K, used 280767K [0x0000000700000000, 0x0000000800000000)
  region size 2048K, 4 young (8192K), 4 survivors (8192K)
 Metaspace       used 165361K, committed 167680K, reserved 1245184K
  class space    used 21510K, committed 22592K, reserved 1048576K
}
Event: 171.002 GC heap before
{Heap before GC invocations=57 (full 0):
 garbage-first heap   total 495616K, used 381119K [0x0000000700000000, 0x0000000800000000)
  region size 2048K, 53 young (108544K), 4 survivors (8192K)
 Metaspace       used 171871K, committed 174208K, reserved 1245184K
  class space    used 22628K, committed 23744K, reserved 1048576K
}
Event: 171.012 GC heap after
{Heap after GC invocations=58 (full 0):
 garbage-first heap   total 495616K, used 283802K [0x0000000700000000, 0x0000000800000000)
  region size 2048K, 5 young (10240K), 5 survivors (10240K)
 Metaspace       used 171871K, committed 174208K, reserved 1245184K
  class space    used 22628K, committed 23744K, reserved 1048576K
}
Event: 171.891 GC heap before
{Heap before GC invocations=58 (full 0):
 garbage-first heap   total 495616K, used 320666K [0x0000000700000000, 0x0000000800000000)
  region size 2048K, 24 young (49152K), 5 survivors (10240K)
 Metaspace       used 174323K, committed 176768K, reserved 1245184K
  class space    used 23008K, committed 24192K, reserved 1048576K
}
Event: 171.909 GC heap after
{Heap after GC invocations=59 (full 0):
 garbage-first heap   total 495616K, used 284865K [0x0000000700000000, 0x0000000800000000)
  region size 2048K, 6 young (12288K), 6 survivors (12288K)
 Metaspace       used 174323K, committed 176768K, reserved 1245184K
  class space    used 23008K, committed 24192K, reserved 1048576K
}
Event: 176.367 GC heap before
{Heap before GC invocations=60 (full 0):
 garbage-first heap   total 495616K, used 417985K [0x0000000700000000, 0x0000000800000000)
  region size 2048K, 79 young (161792K), 6 survivors (12288K)
 Metaspace       used 179266K, committed 181824K, reserved 1245184K
  class space    used 23727K, committed 24960K, reserved 1048576K
}
Event: 176.445 GC heap after
{Heap after GC invocations=61 (full 0):
 garbage-first heap   total 495616K, used 278528K [0x0000000700000000, 0x0000000800000000)
  region size 2048K, 10 young (20480K), 10 survivors (20480K)
 Metaspace       used 179266K, committed 181824K, reserved 1245184K
  class space    used 23727K, committed 24960K, reserved 1048576K
}
Event: 176.530 GC heap before
{Heap before GC invocations=61 (full 0):
 garbage-first heap   total 495616K, used 282624K [0x0000000700000000, 0x0000000800000000)
  region size 2048K, 12 young (24576K), 10 survivors (20480K)
 Metaspace       used 179266K, committed 181824K, reserved 1245184K
  class space    used 23727K, committed 24960K, reserved 1048576K
}

